c:\users\objec\documents\code\objeck-lang\core\vm\vs\arm64\release\vc143.pdb
c:\users\objec\documents\code\objeck-lang\core\vm\vs\arm64\release\win_main.obj
c:\users\objec\documents\code\objeck-lang\core\vm\vs\arm64\release\vm.obj
c:\users\objec\documents\code\objeck-lang\core\vm\vs\arm64\release\loader.obj
c:\users\objec\documents\code\objeck-lang\core\vm\vs\arm64\release\interpreter.obj
c:\users\objec\documents\code\objeck-lang\core\vm\vs\arm64\release\common.obj
c:\users\objec\documents\code\objeck-lang\core\vm\vs\arm64\release\win32.obj
c:\users\objec\documents\code\objeck-lang\core\vm\vs\arm64\release\memory.obj
c:\users\objec\documents\code\objeck-lang\core\vm\vs\arm64\release\jit_common.obj
c:\users\objec\documents\code\objeck-lang\core\vm\vs\arm64\release\jit_arm_a64.obj
c:\users\objec\documents\code\objeck-lang\core\vm\vs\arm64\release\sys.obj
c:\users\objec\documents\code\objeck-lang\core\release\arm64\release\obr.exe
c:\users\objec\documents\code\objeck-lang\core\release\arm64\release\obr.pdb
c:\users\objec\documents\code\objeck-lang\core\vm\vs\arm64\release\objeck.res
c:\users\objec\documents\code\objeck-lang\core\release\arm64\release\obr.lib
c:\users\objec\documents\code\objeck-lang\core\release\arm64\release\obr.exp
c:\users\objec\documents\code\objeck-lang\core\vm\vs\arm64\release\obr.iobj
c:\users\objec\documents\code\objeck-lang\core\vm\vs\arm64\release\vm.tlog\cl.command.1.tlog
c:\users\objec\documents\code\objeck-lang\core\vm\vs\arm64\release\vm.tlog\cl.items.tlog
c:\users\objec\documents\code\objeck-lang\core\vm\vs\arm64\release\vm.tlog\cl.read.1.tlog
c:\users\objec\documents\code\objeck-lang\core\vm\vs\arm64\release\vm.tlog\cl.write.1.tlog
c:\users\objec\documents\code\objeck-lang\core\vm\vs\arm64\release\vm.tlog\link.command.1.tlog
c:\users\objec\documents\code\objeck-lang\core\vm\vs\arm64\release\vm.tlog\link.read.1.tlog
c:\users\objec\documents\code\objeck-lang\core\vm\vs\arm64\release\vm.tlog\link.secondary.1.tlog
c:\users\objec\documents\code\objeck-lang\core\vm\vs\arm64\release\vm.tlog\link.write.1.tlog
c:\users\objec\documents\code\objeck-lang\core\vm\vs\arm64\release\vm.tlog\rc.command.1.tlog
c:\users\objec\documents\code\objeck-lang\core\vm\vs\arm64\release\vm.tlog\rc.read.1.tlog
c:\users\objec\documents\code\objeck-lang\core\vm\vs\arm64\release\vm.tlog\rc.write.1.tlog
