c:\users\objec\documents\code\objeck-lang\core\repl\vs\x64\debug\vc143.pdb
c:\users\objec\documents\code\objeck-lang\core\repl\vs\x64\debug\vc143.idb
c:\users\objec\documents\code\objeck-lang\core\repl\vs\x64\debug\jit_amd_lp64.obj
c:\users\objec\documents\code\objeck-lang\core\repl\vs\x64\debug\jit_common.obj
c:\users\objec\documents\code\objeck-lang\core\repl\vs\x64\debug\repl.obj
c:\users\objec\documents\code\objeck-lang\core\repl\vs\x64\debug\editor.obj
c:\users\objec\documents\code\objeck-lang\core\repl\vs\x64\debug\sys.obj
c:\users\objec\documents\code\objeck-lang\core\repl\vs\x64\debug\logger.obj
c:\users\objec\documents\code\objeck-lang\core\repl\vs\x64\debug\jit_amd_lp64.h.ifc
c:\users\objec\documents\code\objeck-lang\core\repl\vs\x64\debug\jit_amd_lp64.h.ifc.d.json
c:\users\objec\documents\code\objeck-lang\core\repl\vs\x64\debug\jit_amd_lp64.h.obj
c:\users\objec\documents\code\objeck-lang\core\repl\vs\x64\debug\objeck.res
c:\users\objec\documents\code\objeck-lang\core\repl\vs\x64\debug\jit_amd_lp64.h.module.json
c:\users\objec\documents\code\objeck-lang\core\repl\x64\debug\obi.pdb
c:\users\objec\documents\code\objeck-lang\core\repl\vs\x64\debug\repl.tlog\cl.command.1.tlog
c:\users\objec\documents\code\objeck-lang\core\repl\vs\x64\debug\repl.tlog\cl.read.1.tlog
c:\users\objec\documents\code\objeck-lang\core\repl\vs\x64\debug\repl.tlog\cl.write.1.tlog
c:\users\objec\documents\code\objeck-lang\core\repl\vs\x64\debug\repl.tlog\link.11076.read.1.tlog
c:\users\objec\documents\code\objeck-lang\core\repl\vs\x64\debug\repl.tlog\link.11076.write.1.tlog
c:\users\objec\documents\code\objeck-lang\core\repl\vs\x64\debug\repl.tlog\link.16956.read.1.tlog
c:\users\objec\documents\code\objeck-lang\core\repl\vs\x64\debug\repl.tlog\link.16956.write.1.tlog
c:\users\objec\documents\code\objeck-lang\core\repl\vs\x64\debug\repl.tlog\link.18728.read.1.tlog
c:\users\objec\documents\code\objeck-lang\core\repl\vs\x64\debug\repl.tlog\link.18728.write.1.tlog
c:\users\objec\documents\code\objeck-lang\core\repl\vs\x64\debug\repl.tlog\link.20088.read.1.tlog
c:\users\objec\documents\code\objeck-lang\core\repl\vs\x64\debug\repl.tlog\link.20088.write.1.tlog
c:\users\objec\documents\code\objeck-lang\core\repl\vs\x64\debug\repl.tlog\link.31336.read.1.tlog
c:\users\objec\documents\code\objeck-lang\core\repl\vs\x64\debug\repl.tlog\link.31336.write.1.tlog
c:\users\objec\documents\code\objeck-lang\core\repl\vs\x64\debug\repl.tlog\link.32340.read.1.tlog
c:\users\objec\documents\code\objeck-lang\core\repl\vs\x64\debug\repl.tlog\link.32340.write.1.tlog
c:\users\objec\documents\code\objeck-lang\core\repl\vs\x64\debug\repl.tlog\link.35808.read.1.tlog
c:\users\objec\documents\code\objeck-lang\core\repl\vs\x64\debug\repl.tlog\link.35808.write.1.tlog
c:\users\objec\documents\code\objeck-lang\core\repl\vs\x64\debug\repl.tlog\link.39780.read.1.tlog
c:\users\objec\documents\code\objeck-lang\core\repl\vs\x64\debug\repl.tlog\link.39780.write.1.tlog
c:\users\objec\documents\code\objeck-lang\core\repl\vs\x64\debug\repl.tlog\link.40416.read.1.tlog
c:\users\objec\documents\code\objeck-lang\core\repl\vs\x64\debug\repl.tlog\link.40416.write.1.tlog
c:\users\objec\documents\code\objeck-lang\core\repl\vs\x64\debug\repl.tlog\link.command.1.tlog
c:\users\objec\documents\code\objeck-lang\core\repl\vs\x64\debug\repl.tlog\link.read.1.tlog
c:\users\objec\documents\code\objeck-lang\core\repl\vs\x64\debug\repl.tlog\link.read.2.tlog
c:\users\objec\documents\code\objeck-lang\core\repl\vs\x64\debug\repl.tlog\link.read.3.tlog
c:\users\objec\documents\code\objeck-lang\core\repl\vs\x64\debug\repl.tlog\link.read.4.tlog
c:\users\objec\documents\code\objeck-lang\core\repl\vs\x64\debug\repl.tlog\link.read.5.tlog
c:\users\objec\documents\code\objeck-lang\core\repl\vs\x64\debug\repl.tlog\link.read.6.tlog
c:\users\objec\documents\code\objeck-lang\core\repl\vs\x64\debug\repl.tlog\link.write.1.tlog
c:\users\objec\documents\code\objeck-lang\core\repl\vs\x64\debug\repl.tlog\rc.command.1.tlog
c:\users\objec\documents\code\objeck-lang\core\repl\vs\x64\debug\repl.tlog\rc.read.1.tlog
c:\users\objec\documents\code\objeck-lang\core\repl\vs\x64\debug\repl.tlog\rc.write.1.tlog
c:\users\objec\documents\code\objeck-lang\core\repl\vs\x64\debug\repl_md.tlog\cl.command.1.tlog
c:\users\objec\documents\code\objeck-lang\core\repl\vs\x64\debug\repl_md.tlog\microsoft.build.cpptasks.cl.read.1.tlog
c:\users\objec\documents\code\objeck-lang\core\repl\vs\x64\debug\repl_md.tlog\microsoft.build.cpptasks.cl.write.1.tlog
