  Scanning sources for module dependencies...
  jit_amd_lp64.h
  Compiling...
  jit_amd_lp64.h
  logger.cpp
  sys.cpp
  editor.cpp
  repl.cpp
  jit_common.cpp
  jit_amd_lp64.cpp
  Generating Code...
objeck.lib(lang.obj) : error LNK2038: mismatch detected for 'RuntimeLibrary': value 'MDd_DynamicDebug' doesn't match value 'MTd_StaticDebug' in logger.obj
objeck.lib(common.obj) : error LNK2038: mismatch detected for 'RuntimeLibrary': value 'MDd_DynamicDebug' doesn't match value 'MTd_StaticDebug' in logger.obj
objeck.lib(memory.obj) : error LNK2038: mismatch detected for 'RuntimeLibrary': value 'MDd_DynamicDebug' doesn't match value 'MTd_StaticDebug' in logger.obj
objeck.lib(interpreter.obj) : error LNK2038: mismatch detected for 'RuntimeLibrary': value 'MDd_DynamicDebug' doesn't match value 'MTd_StaticDebug' in logger.obj
objeck.lib(types.obj) : error LNK2038: mismatch detected for 'RuntimeLibrary': value 'MDd_DynamicDebug' doesn't match value 'MTd_StaticDebug' in logger.obj
objeck.lib(tree.obj) : error LNK2038: mismatch detected for 'RuntimeLibrary': value 'MDd_DynamicDebug' doesn't match value 'MTd_StaticDebug' in logger.obj
objeck.lib(parser.obj) : error LNK2038: mismatch detected for 'RuntimeLibrary': value 'MDd_DynamicDebug' doesn't match value 'MTd_StaticDebug' in logger.obj
objeck.lib(context.obj) : error LNK2038: mismatch detected for 'RuntimeLibrary': value 'MDd_DynamicDebug' doesn't match value 'MTd_StaticDebug' in logger.obj
objeck.lib(emit.obj) : error LNK2038: mismatch detected for 'RuntimeLibrary': value 'MDd_DynamicDebug' doesn't match value 'MTd_StaticDebug' in logger.obj
objeck.lib(intermediate.obj) : error LNK2038: mismatch detected for 'RuntimeLibrary': value 'MDd_DynamicDebug' doesn't match value 'MTd_StaticDebug' in logger.obj
objeck.lib(optimization.obj) : error LNK2038: mismatch detected for 'RuntimeLibrary': value 'MDd_DynamicDebug' doesn't match value 'MTd_StaticDebug' in logger.obj
objeck.lib(loader.obj) : error LNK2038: mismatch detected for 'RuntimeLibrary': value 'MDd_DynamicDebug' doesn't match value 'MTd_StaticDebug' in logger.obj
objeck.lib(win32.obj) : error LNK2038: mismatch detected for 'RuntimeLibrary': value 'MDd_DynamicDebug' doesn't match value 'MTd_StaticDebug' in logger.obj
objeck.lib(linker.obj) : error LNK2038: mismatch detected for 'RuntimeLibrary': value 'MDd_DynamicDebug' doesn't match value 'MTd_StaticDebug' in logger.obj
objeck.lib(scanner.obj) : error LNK2038: mismatch detected for 'RuntimeLibrary': value 'MDd_DynamicDebug' doesn't match value 'MTd_StaticDebug' in logger.obj
  libz-static.lib(deflate.obj) : MSIL .netmodule or module compiled with /GL found; restarting link with /LTCG; add /LTCG to the link command line to improve linker performance
LINK : warning LNK4075: ignoring '/INCREMENTAL' due to '/LTCG' specification
objeck.lib(lang.obj) : error LNK2038: mismatch detected for 'RuntimeLibrary': value 'MDd_DynamicDebug' doesn't match value 'MTd_StaticDebug' in logger.obj
objeck.lib(common.obj) : error LNK2038: mismatch detected for 'RuntimeLibrary': value 'MDd_DynamicDebug' doesn't match value 'MTd_StaticDebug' in logger.obj
objeck.lib(memory.obj) : error LNK2038: mismatch detected for 'RuntimeLibrary': value 'MDd_DynamicDebug' doesn't match value 'MTd_StaticDebug' in logger.obj
objeck.lib(interpreter.obj) : error LNK2038: mismatch detected for 'RuntimeLibrary': value 'MDd_DynamicDebug' doesn't match value 'MTd_StaticDebug' in logger.obj
objeck.lib(types.obj) : error LNK2038: mismatch detected for 'RuntimeLibrary': value 'MDd_DynamicDebug' doesn't match value 'MTd_StaticDebug' in logger.obj
objeck.lib(tree.obj) : error LNK2038: mismatch detected for 'RuntimeLibrary': value 'MDd_DynamicDebug' doesn't match value 'MTd_StaticDebug' in logger.obj
objeck.lib(parser.obj) : error LNK2038: mismatch detected for 'RuntimeLibrary': value 'MDd_DynamicDebug' doesn't match value 'MTd_StaticDebug' in logger.obj
objeck.lib(context.obj) : error LNK2038: mismatch detected for 'RuntimeLibrary': value 'MDd_DynamicDebug' doesn't match value 'MTd_StaticDebug' in logger.obj
objeck.lib(emit.obj) : error LNK2038: mismatch detected for 'RuntimeLibrary': value 'MDd_DynamicDebug' doesn't match value 'MTd_StaticDebug' in logger.obj
objeck.lib(intermediate.obj) : error LNK2038: mismatch detected for 'RuntimeLibrary': value 'MDd_DynamicDebug' doesn't match value 'MTd_StaticDebug' in logger.obj
objeck.lib(optimization.obj) : error LNK2038: mismatch detected for 'RuntimeLibrary': value 'MDd_DynamicDebug' doesn't match value 'MTd_StaticDebug' in logger.obj
objeck.lib(loader.obj) : error LNK2038: mismatch detected for 'RuntimeLibrary': value 'MDd_DynamicDebug' doesn't match value 'MTd_StaticDebug' in logger.obj
objeck.lib(win32.obj) : error LNK2038: mismatch detected for 'RuntimeLibrary': value 'MDd_DynamicDebug' doesn't match value 'MTd_StaticDebug' in logger.obj
objeck.lib(linker.obj) : error LNK2038: mismatch detected for 'RuntimeLibrary': value 'MDd_DynamicDebug' doesn't match value 'MTd_StaticDebug' in logger.obj
objeck.lib(scanner.obj) : error LNK2038: mismatch detected for 'RuntimeLibrary': value 'MDd_DynamicDebug' doesn't match value 'MTd_StaticDebug' in logger.obj
LINK : warning LNK4098: defaultlib 'LIBCMTD' conflicts with use of other libs; use /NODEFAULTLIB:library
LINK : warning LNK4098: defaultlib 'MSVCRTD' conflicts with use of other libs; use /NODEFAULTLIB:library
libcpmtd.lib(locale.obj) : error LNK2001: unresolved external symbol _calloc_dbg
libcpmtd.lib(wlocale.obj) : error LNK2001: unresolved external symbol _calloc_dbg
libcpmtd.lib(xlocale.obj) : error LNK2001: unresolved external symbol _calloc_dbg
editor.obj : error LNK2001: unresolved external symbol _calloc_dbg
jit_common.obj : error LNK2001: unresolved external symbol _calloc_dbg
jit_amd_lp64.obj : error LNK2001: unresolved external symbol _calloc_dbg
libcpmtd.lib(_tolower.obj) : error LNK2001: unresolved external symbol _calloc_dbg
libcpmtd.lib(xlocale.obj) : error LNK2001: unresolved external symbol _free_dbg
libcpmtd.lib(xwcsxfrm.obj) : error LNK2001: unresolved external symbol _free_dbg
libcpmtd.lib(StlCompareStringA.obj) : error LNK2001: unresolved external symbol _free_dbg
libcpmtd.lib(filesystem.obj) : error LNK2001: unresolved external symbol _free_dbg
libcpmtd.lib(locale.obj) : error LNK2001: unresolved external symbol _free_dbg
libcpmtd.lib(StlLCMapStringA.obj) : error LNK2001: unresolved external symbol _free_dbg
libcpmtd.lib(wlocale.obj) : error LNK2001: unresolved external symbol _free_dbg
libcpmtd.lib(locale0.obj) : error LNK2001: unresolved external symbol _free_dbg
libcpmtd.lib(wcin.obj) : error LNK2001: unresolved external symbol _free_dbg
libcpmtd.lib(wcout.obj) : error LNK2001: unresolved external symbol _free_dbg
libcpmtd.lib(wcerr.obj) : error LNK2001: unresolved external symbol _free_dbg
editor.obj : error LNK2001: unresolved external symbol _free_dbg
repl.obj : error LNK2001: unresolved external symbol _free_dbg
jit_common.obj : error LNK2001: unresolved external symbol _free_dbg
jit_amd_lp64.obj : error LNK2001: unresolved external symbol _free_dbg
libcpmtd.lib(xlocale.obj) : error LNK2001: unresolved external symbol _malloc_dbg
libcpmtd.lib(xwcsxfrm.obj) : error LNK2001: unresolved external symbol _malloc_dbg
libcpmtd.lib(StlCompareStringA.obj) : error LNK2001: unresolved external symbol _malloc_dbg
libcpmtd.lib(filesystem.obj) : error LNK2001: unresolved external symbol _malloc_dbg
libcpmtd.lib(locale.obj) : error LNK2001: unresolved external symbol _malloc_dbg
libcpmtd.lib(StlLCMapStringA.obj) : error LNK2001: unresolved external symbol _malloc_dbg
libcpmtd.lib(wlocale.obj) : error LNK2001: unresolved external symbol _malloc_dbg
libcpmtd.lib(locale0.obj) : error LNK2001: unresolved external symbol _malloc_dbg
libcpmtd.lib(wcin.obj) : error LNK2001: unresolved external symbol _malloc_dbg
libcpmtd.lib(wcout.obj) : error LNK2001: unresolved external symbol _malloc_dbg
libcpmtd.lib(wcerr.obj) : error LNK2001: unresolved external symbol _malloc_dbg
editor.obj : error LNK2001: unresolved external symbol _malloc_dbg
repl.obj : error LNK2001: unresolved external symbol _malloc_dbg
jit_common.obj : error LNK2001: unresolved external symbol _malloc_dbg
jit_amd_lp64.obj : error LNK2001: unresolved external symbol _malloc_dbg
libcpmtd.lib(xlocale.obj) : error LNK2001: unresolved external symbol _CrtDbgReport
libcpmtd.lib(xtime.obj) : error LNK2001: unresolved external symbol _CrtDbgReport
libcpmtd.lib(atomic_wait.obj) : error LNK2001: unresolved external symbol _CrtDbgReport
libcpmtd.lib(locale.obj) : error LNK2001: unresolved external symbol _CrtDbgReport
libcpmtd.lib(wlocale.obj) : error LNK2001: unresolved external symbol _CrtDbgReport
jit_amd_lp64.h.obj : error LNK2001: unresolved external symbol _CrtDbgReport
libcpmtd.lib(wcin.obj) : error LNK2001: unresolved external symbol _CrtDbgReport
libcpmtd.lib(wcout.obj) : error LNK2001: unresolved external symbol _CrtDbgReport
libcpmtd.lib(wcerr.obj) : error LNK2001: unresolved external symbol _CrtDbgReport
editor.obj : error LNK2001: unresolved external symbol _CrtDbgReport
repl.obj : error LNK2001: unresolved external symbol _CrtDbgReport
jit_common.obj : error LNK2001: unresolved external symbol _CrtDbgReport
jit_amd_lp64.obj : error LNK2001: unresolved external symbol _CrtDbgReport
objeck.lib(linker.obj) : error LNK2001: unresolved external symbol __imp__calloc_dbg
objeck.lib(scanner.obj) : error LNK2001: unresolved external symbol __imp__calloc_dbg
objeck.lib(intermediate.obj) : error LNK2001: unresolved external symbol __imp__calloc_dbg
objeck.lib(optimization.obj) : error LNK2001: unresolved external symbol __imp__calloc_dbg
objeck.lib(loader.obj) : error LNK2001: unresolved external symbol __imp__calloc_dbg
objeck.lib(win32.obj) : error LNK2001: unresolved external symbol __imp__calloc_dbg
objeck.lib(tree.obj) : error LNK2001: unresolved external symbol __imp__calloc_dbg
objeck.lib(parser.obj) : error LNK2001: unresolved external symbol __imp__calloc_dbg
objeck.lib(context.obj) : error LNK2001: unresolved external symbol __imp__calloc_dbg
objeck.lib(emit.obj) : error LNK2001: unresolved external symbol __imp__calloc_dbg
objeck.lib(lang.obj) : error LNK2001: unresolved external symbol __imp__calloc_dbg
objeck.lib(common.obj) : error LNK2001: unresolved external symbol __imp__calloc_dbg
objeck.lib(memory.obj) : error LNK2001: unresolved external symbol __imp__calloc_dbg
objeck.lib(interpreter.obj) : error LNK2001: unresolved external symbol __imp__calloc_dbg
objeck.lib(win32.obj) : error LNK2001: unresolved external symbol __imp__CrtDbgReport
objeck.lib(linker.obj) : error LNK2001: unresolved external symbol __imp__CrtDbgReport
objeck.lib(scanner.obj) : error LNK2001: unresolved external symbol __imp__CrtDbgReport
objeck.lib(emit.obj) : error LNK2001: unresolved external symbol __imp__CrtDbgReport
objeck.lib(intermediate.obj) : error LNK2001: unresolved external symbol __imp__CrtDbgReport
objeck.lib(optimization.obj) : error LNK2001: unresolved external symbol __imp__CrtDbgReport
objeck.lib(loader.obj) : error LNK2001: unresolved external symbol __imp__CrtDbgReport
objeck.lib(types.obj) : error LNK2001: unresolved external symbol __imp__CrtDbgReport
objeck.lib(tree.obj) : error LNK2001: unresolved external symbol __imp__CrtDbgReport
objeck.lib(parser.obj) : error LNK2001: unresolved external symbol __imp__CrtDbgReport
objeck.lib(context.obj) : error LNK2001: unresolved external symbol __imp__CrtDbgReport
objeck.lib(lang.obj) : error LNK2001: unresolved external symbol __imp__CrtDbgReport
objeck.lib(common.obj) : error LNK2001: unresolved external symbol __imp__CrtDbgReport
objeck.lib(memory.obj) : error LNK2001: unresolved external symbol __imp__CrtDbgReport
objeck.lib(interpreter.obj) : error LNK2001: unresolved external symbol __imp__CrtDbgReport
libcpmtd.lib(_tolower.obj) : error LNK2001: unresolved external symbol _wcsdup_dbg
libcpmtd.lib(xstrcoll.obj) : error LNK2001: unresolved external symbol _wcsdup_dbg
libcpmtd.lib(xmbtowc.obj) : error LNK2001: unresolved external symbol _CrtDbgReportW
libcpmtd.lib(StlLCMapStringA.obj) : error LNK2001: unresolved external symbol _CrtDbgReportW
libcpmtd.lib(StlCompareStringA.obj) : error LNK2001: unresolved external symbol _CrtDbgReportW
libcpmtd.lib(locale.obj) : error LNK2001: unresolved external symbol _realloc_dbg
C:\Users\objec\Documents\Code\objeck-lang\core\repl\x64\Debug\obi.exe : fatal error LNK1120: 9 unresolved externals
