d:\code\objeck-lang\core\lib\zlib\win\x64\libz-static.pdb
d:\code\objeck-lang\core\lib\zlib\win\vs\libz-static\x64\release\zutil.obj
d:\code\objeck-lang\core\lib\zlib\win\vs\libz-static\x64\release\uncompr.obj
d:\code\objeck-lang\core\lib\zlib\win\vs\libz-static\x64\release\trees.obj
d:\code\objeck-lang\core\lib\zlib\win\vs\libz-static\x64\release\inftrees.obj
d:\code\objeck-lang\core\lib\zlib\win\vs\libz-static\x64\release\inflate.obj
d:\code\objeck-lang\core\lib\zlib\win\vs\libz-static\x64\release\inffast.obj
d:\code\objeck-lang\core\lib\zlib\win\vs\libz-static\x64\release\infback.obj
d:\code\objeck-lang\core\lib\zlib\win\vs\libz-static\x64\release\gzwrite.obj
d:\code\objeck-lang\core\lib\zlib\win\vs\libz-static\x64\release\gzread.obj
d:\code\objeck-lang\core\lib\zlib\win\vs\libz-static\x64\release\gzlib.obj
d:\code\objeck-lang\core\lib\zlib\win\vs\libz-static\x64\release\gzclose.obj
d:\code\objeck-lang\core\lib\zlib\win\vs\libz-static\x64\release\deflate.obj
d:\code\objeck-lang\core\lib\zlib\win\vs\libz-static\x64\release\crc32.obj
d:\code\objeck-lang\core\lib\zlib\win\vs\libz-static\x64\release\compress.obj
d:\code\objeck-lang\core\lib\zlib\win\vs\libz-static\x64\release\adler32.obj
d:\code\objeck-lang\core\lib\zlib\win\x64\libz-static.lib
d:\code\objeck-lang\core\lib\zlib\win\vs\libz-static\\..\..\x64\libz-static.pdb
d:\code\objeck-lang\core\lib\zlib\win\vs\libz-static\x64\release\libz-static.tlog\cl.command.1.tlog
d:\code\objeck-lang\core\lib\zlib\win\vs\libz-static\x64\release\libz-static.tlog\cl.read.1.tlog
d:\code\objeck-lang\core\lib\zlib\win\vs\libz-static\x64\release\libz-static.tlog\cl.write.1.tlog
d:\code\objeck-lang\core\lib\zlib\win\vs\libz-static\x64\release\libz-static.tlog\lib-link.read.1.tlog
d:\code\objeck-lang\core\lib\zlib\win\vs\libz-static\x64\release\libz-static.tlog\lib-link.write.1.tlog
d:\code\objeck-lang\core\lib\zlib\win\vs\libz-static\x64\release\libz-static.tlog\lib.command.1.tlog
