  sys.cpp
  jit_arm_a64.h
  jit_arm_a64.cpp
  jit_common.cpp
  memory.cpp
  win32.cpp
  common.cpp
  interpreter.cpp
  loader.cpp
  vm.cpp
  debugger.cpp
  parser.cpp
  scanner.cpp
  tree.cpp
ARM64\Release\jit_arm_a64.obj : warning LNK4042: object specified more than once; extras ignored
     Creating library C:\Users\objec\Documents\Code\objeck-lang\core\release\ARM64\Release\obd.lib and object C:\Users\objec\Documents\Code\objeck-lang\core\release\ARM64\Release\obd.exp
LINK : warning LNK4098: defaultlib 'LIBCMT' conflicts with use of other libs; use /NODEFAULTLIB:library
  Generating code
  Finished generating code
  debugger.vcxproj -> C:\Users\objec\Documents\Code\objeck-lang\core\release\ARM64\Release\obd.exe
