c:\users\objec\documents\code\objeck-lang\core\debugger\vs\arm64\release\vc143.pdb
c:\users\objec\documents\code\objeck-lang\core\debugger\vs\arm64\release\tree.obj
c:\users\objec\documents\code\objeck-lang\core\debugger\vs\arm64\release\scanner.obj
c:\users\objec\documents\code\objeck-lang\core\debugger\vs\arm64\release\parser.obj
c:\users\objec\documents\code\objeck-lang\core\debugger\vs\arm64\release\debugger.obj
c:\users\objec\documents\code\objeck-lang\core\debugger\vs\arm64\release\vm.obj
c:\users\objec\documents\code\objeck-lang\core\debugger\vs\arm64\release\loader.obj
c:\users\objec\documents\code\objeck-lang\core\debugger\vs\arm64\release\interpreter.obj
c:\users\objec\documents\code\objeck-lang\core\debugger\vs\arm64\release\common.obj
c:\users\objec\documents\code\objeck-lang\core\debugger\vs\arm64\release\win32.obj
c:\users\objec\documents\code\objeck-lang\core\debugger\vs\arm64\release\memory.obj
c:\users\objec\documents\code\objeck-lang\core\debugger\vs\arm64\release\jit_common.obj
c:\users\objec\documents\code\objeck-lang\core\debugger\vs\arm64\release\jit_arm_a64.obj
c:\users\objec\documents\code\objeck-lang\core\debugger\vs\arm64\release\sys.obj
c:\users\objec\documents\code\objeck-lang\core\release\arm64\release\obd.exe
c:\users\objec\documents\code\objeck-lang\core\release\arm64\release\obd.pdb
c:\users\objec\documents\code\objeck-lang\core\debugger\vs\arm64\release\objeck.res
c:\users\objec\documents\code\objeck-lang\core\release\arm64\release\obd.lib
c:\users\objec\documents\code\objeck-lang\core\release\arm64\release\obd.exp
c:\users\objec\documents\code\objeck-lang\core\debugger\vs\arm64\release\obd.iobj
c:\users\objec\documents\code\objeck-lang\core\debugger\vs\arm64\release\debugger.tlog\cl.command.1.tlog
c:\users\objec\documents\code\objeck-lang\core\debugger\vs\arm64\release\debugger.tlog\cl.items.tlog
c:\users\objec\documents\code\objeck-lang\core\debugger\vs\arm64\release\debugger.tlog\cl.read.1.tlog
c:\users\objec\documents\code\objeck-lang\core\debugger\vs\arm64\release\debugger.tlog\cl.write.1.tlog
c:\users\objec\documents\code\objeck-lang\core\debugger\vs\arm64\release\debugger.tlog\link.command.1.tlog
c:\users\objec\documents\code\objeck-lang\core\debugger\vs\arm64\release\debugger.tlog\link.read.1.tlog
c:\users\objec\documents\code\objeck-lang\core\debugger\vs\arm64\release\debugger.tlog\link.secondary.1.tlog
c:\users\objec\documents\code\objeck-lang\core\debugger\vs\arm64\release\debugger.tlog\link.write.1.tlog
c:\users\objec\documents\code\objeck-lang\core\debugger\vs\arm64\release\debugger.tlog\rc.command.1.tlog
c:\users\objec\documents\code\objeck-lang\core\debugger\vs\arm64\release\debugger.tlog\rc.read.1.tlog
c:\users\objec\documents\code\objeck-lang\core\debugger\vs\arm64\release\debugger.tlog\rc.write.1.tlog
