c:\users\objec\documents\code\objeck-lang\core\vm\vs\x64\debug\vc143.pdb
c:\users\objec\documents\code\objeck-lang\core\vm\vs\x64\debug\vc143.idb
c:\users\objec\documents\code\objeck-lang\core\vm\vs\shared\sys.obj
c:\users\objec\documents\code\objeck-lang\core\vm\vs\x64\arch\jit\amd64\jit_amd_lp64.obj
c:\users\objec\documents\code\objeck-lang\core\vm\vs\x64\arch\jit\jit_common.obj
c:\users\objec\documents\code\objeck-lang\core\vm\vs\x64\arch\memory.obj
c:\users\objec\documents\code\objeck-lang\core\vm\vs\x64\arch\win32\win32.obj
c:\users\objec\documents\code\objeck-lang\core\vm\vs\x64\win_main.obj
c:\users\objec\documents\code\objeck-lang\core\vm\vs\x64\vm.obj
c:\users\objec\documents\code\objeck-lang\core\vm\vs\x64\loader.obj
c:\users\objec\documents\code\objeck-lang\core\vm\vs\x64\interpreter.obj
c:\users\objec\documents\code\objeck-lang\core\vm\vs\x64\common.obj
c:\users\objec\documents\code\objeck-lang\core\vm\x64\debug\obr.exe
c:\users\objec\documents\code\objeck-lang\core\vm\x64\debug\obr.pdb
c:\users\objec\documents\code\objeck-lang\core\vm\vs\x64\debug\objeck.res
c:\users\objec\documents\code\objeck-lang\core\vm\x64\debug\obr.lib
c:\users\objec\documents\code\objeck-lang\core\vm\x64\debug\obr.exp
c:\users\objec\documents\code\objeck-lang\core\vm\vs\x64\debug\vm.tlog\cl.command.1.tlog
c:\users\objec\documents\code\objeck-lang\core\vm\vs\x64\debug\vm.tlog\cl.items.tlog
c:\users\objec\documents\code\objeck-lang\core\vm\vs\x64\debug\vm.tlog\cl.read.1.tlog
c:\users\objec\documents\code\objeck-lang\core\vm\vs\x64\debug\vm.tlog\cl.write.1.tlog
c:\users\objec\documents\code\objeck-lang\core\vm\vs\x64\debug\vm.tlog\link.command.1.tlog
c:\users\objec\documents\code\objeck-lang\core\vm\vs\x64\debug\vm.tlog\link.read.1.tlog
c:\users\objec\documents\code\objeck-lang\core\vm\vs\x64\debug\vm.tlog\link.secondary.1.tlog
c:\users\objec\documents\code\objeck-lang\core\vm\vs\x64\debug\vm.tlog\link.write.1.tlog
c:\users\objec\documents\code\objeck-lang\core\vm\vs\x64\debug\vm.tlog\rc.command.1.tlog
c:\users\objec\documents\code\objeck-lang\core\vm\vs\x64\debug\vm.tlog\rc.read.1.tlog
c:\users\objec\documents\code\objeck-lang\core\vm\vs\x64\debug\vm.tlog\rc.write.1.tlog
