c:\users\objec\documents\code\objeck-lang\core\lib\sdl\sdl\sdl\debug\vc143.pdb
c:\users\objec\documents\code\objeck-lang\core\lib\sdl\sdl\sdl\debug\vc143.idb
c:\users\objec\documents\code\objeck-lang\core\lib\sdl\sdl\sdl\debug\sdl2_rotozoom.obj
c:\users\objec\documents\code\objeck-lang\core\lib\sdl\sdl\sdl\debug\sdl2_imagefilter.obj
c:\users\objec\documents\code\objeck-lang\core\lib\sdl\sdl\sdl\debug\sdl2_gfxprimitives.obj
c:\users\objec\documents\code\objeck-lang\core\lib\sdl\sdl\sdl\debug\sdl2_framerate.obj
c:\users\objec\documents\code\objeck-lang\core\lib\sdl\sdl\sdl\debug\sdl.obj
c:\users\objec\documents\code\objeck-lang\core\lib\sdl\sdl\debug\x64\libobjk_sdl.dll
c:\users\objec\documents\code\objeck-lang\core\lib\sdl\sdl\debug\x64\libobjk_sdl.pdb
c:\users\objec\documents\code\objeck-lang\core\lib\sdl\sdl\debug\x64\libobjk_sdl.lib
c:\users\objec\documents\code\objeck-lang\core\lib\sdl\sdl\debug\x64\libobjk_sdl.exp
c:\users\objec\documents\code\objeck-lang\core\lib\sdl\sdl\sdl\debug\libobjk_sdl.ilk
c:\users\objec\documents\code\objeck-lang\core\lib\sdl\sdl\sdl\debug\sdl.tlog\cl.command.1.tlog
c:\users\objec\documents\code\objeck-lang\core\lib\sdl\sdl\sdl\debug\sdl.tlog\cl.items.tlog
c:\users\objec\documents\code\objeck-lang\core\lib\sdl\sdl\sdl\debug\sdl.tlog\cl.read.1.tlog
c:\users\objec\documents\code\objeck-lang\core\lib\sdl\sdl\sdl\debug\sdl.tlog\cl.write.1.tlog
c:\users\objec\documents\code\objeck-lang\core\lib\sdl\sdl\sdl\debug\sdl.tlog\link.command.1.tlog
c:\users\objec\documents\code\objeck-lang\core\lib\sdl\sdl\sdl\debug\sdl.tlog\link.read.1.tlog
c:\users\objec\documents\code\objeck-lang\core\lib\sdl\sdl\sdl\debug\sdl.tlog\link.secondary.1.tlog
c:\users\objec\documents\code\objeck-lang\core\lib\sdl\sdl\sdl\debug\sdl.tlog\link.write.1.tlog
