c:\users\objec\documents\code\objeck-lang\core\release\arm64\release\objeck.pdb
c:\users\objec\documents\code\objeck-lang\core\module\vs\arm64\release\vm.obj
c:\users\objec\documents\code\objeck-lang\core\module\vs\arm64\release\loader.obj
c:\users\objec\documents\code\objeck-lang\core\module\vs\arm64\release\interpreter.obj
c:\users\objec\documents\code\objeck-lang\core\module\vs\arm64\release\common.obj
c:\users\objec\documents\code\objeck-lang\core\module\vs\arm64\release\win32.obj
c:\users\objec\documents\code\objeck-lang\core\module\vs\arm64\release\memory.obj
c:\users\objec\documents\code\objeck-lang\core\module\vs\arm64\release\jit_common.obj
c:\users\objec\documents\code\objeck-lang\core\module\vs\arm64\release\jit_arm_a64.obj
c:\users\objec\documents\code\objeck-lang\core\module\vs\arm64\release\sys.obj
c:\users\objec\documents\code\objeck-lang\core\module\vs\arm64\release\types.obj
c:\users\objec\documents\code\objeck-lang\core\module\vs\arm64\release\tree.obj
c:\users\objec\documents\code\objeck-lang\core\module\vs\arm64\release\scanner.obj
c:\users\objec\documents\code\objeck-lang\core\module\vs\arm64\release\parser.obj
c:\users\objec\documents\code\objeck-lang\core\module\vs\arm64\release\optimization.obj
c:\users\objec\documents\code\objeck-lang\core\module\vs\arm64\release\linker.obj
c:\users\objec\documents\code\objeck-lang\core\module\vs\arm64\release\intermediate.obj
c:\users\objec\documents\code\objeck-lang\core\module\vs\arm64\release\emit.obj
c:\users\objec\documents\code\objeck-lang\core\module\vs\arm64\release\context.obj
c:\users\objec\documents\code\objeck-lang\core\module\vs\arm64\release\compiler.obj
c:\users\objec\documents\code\objeck-lang\core\module\vs\arm64\release\lang.obj
c:\users\objec\documents\code\objeck-lang\core\release\arm64\release\objeck.lib
c:\users\objec\documents\code\objeck-lang\core\module\vs\arm64\release\module.tlog\cl.command.1.tlog
c:\users\objec\documents\code\objeck-lang\core\module\vs\arm64\release\module.tlog\cl.items.tlog
c:\users\objec\documents\code\objeck-lang\core\module\vs\arm64\release\module.tlog\cl.read.1.tlog
c:\users\objec\documents\code\objeck-lang\core\module\vs\arm64\release\module.tlog\cl.write.1.tlog
c:\users\objec\documents\code\objeck-lang\core\module\vs\arm64\release\module.tlog\lib-link.write.1.tlog
c:\users\objec\documents\code\objeck-lang\core\module\vs\arm64\release\module.tlog\lib.command.1.tlog
c:\users\objec\documents\code\objeck-lang\core\module\vs\arm64\release\module.tlog\lib.read.1.tlog
