c:\users\objec\documents\code\objeck-lang\core\release\x64\release\objeck.pdb
c:\users\objec\documents\code\objeck-lang\core\module\vs\x64\release\vm.obj
c:\users\objec\documents\code\objeck-lang\core\module\vs\x64\release\loader.obj
c:\users\objec\documents\code\objeck-lang\core\module\vs\x64\release\interpreter.obj
c:\users\objec\documents\code\objeck-lang\core\module\vs\x64\release\dispatch.obj
c:\users\objec\documents\code\objeck-lang\core\module\vs\x64\release\common.obj
c:\users\objec\documents\code\objeck-lang\core\module\vs\x64\release\win32.obj
c:\users\objec\documents\code\objeck-lang\core\module\vs\x64\release\memory.obj
c:\users\objec\documents\code\objeck-lang\core\module\vs\x64\release\jit_common.obj
c:\users\objec\documents\code\objeck-lang\core\module\vs\x64\release\jit_amd_lp64.obj
c:\users\objec\documents\code\objeck-lang\core\module\vs\x64\release\sys.obj
c:\users\objec\documents\code\objeck-lang\core\module\vs\x64\release\types.obj
c:\users\objec\documents\code\objeck-lang\core\module\vs\x64\release\tree.obj
c:\users\objec\documents\code\objeck-lang\core\module\vs\x64\release\scanner.obj
c:\users\objec\documents\code\objeck-lang\core\module\vs\x64\release\parser.obj
c:\users\objec\documents\code\objeck-lang\core\module\vs\x64\release\optimization.obj
c:\users\objec\documents\code\objeck-lang\core\module\vs\x64\release\linker.obj
c:\users\objec\documents\code\objeck-lang\core\module\vs\x64\release\intermediate.obj
c:\users\objec\documents\code\objeck-lang\core\module\vs\x64\release\emit.obj
c:\users\objec\documents\code\objeck-lang\core\module\vs\x64\release\context.obj
c:\users\objec\documents\code\objeck-lang\core\module\vs\x64\release\compiler.obj
c:\users\objec\documents\code\objeck-lang\core\module\vs\x64\release\lang.obj
c:\users\objec\documents\code\objeck-lang\core\module\vs\x64\release\jit_amd_lp64.h.ifc
c:\users\objec\documents\code\objeck-lang\core\module\vs\x64\release\jit_amd_lp64.h.ifc.d.json
c:\users\objec\documents\code\objeck-lang\core\module\vs\x64\release\jit_amd_lp64.h.obj
c:\users\objec\documents\code\objeck-lang\core\release\x64\release\objeck.lib
c:\users\objec\documents\code\objeck-lang\core\module\vs\x64\release\jit_amd_lp64.h.module.json
c:\users\objec\documents\code\objeck-lang\core\module\vs\x64\release\module.tlog\cl.command.1.tlog
c:\users\objec\documents\code\objeck-lang\core\module\vs\x64\release\module.tlog\cl.items.tlog
c:\users\objec\documents\code\objeck-lang\core\module\vs\x64\release\module.tlog\cl.read.1.tlog
c:\users\objec\documents\code\objeck-lang\core\module\vs\x64\release\module.tlog\cl.write.1.tlog
c:\users\objec\documents\code\objeck-lang\core\module\vs\x64\release\module.tlog\lib-link.read.1.tlog
c:\users\objec\documents\code\objeck-lang\core\module\vs\x64\release\module.tlog\lib-link.write.1.tlog
c:\users\objec\documents\code\objeck-lang\core\module\vs\x64\release\module.tlog\lib.command.1.tlog
c:\users\objec\documents\code\objeck-lang\core\module\vs\x64\release\module_md.tlog\cl.command.1.tlog
c:\users\objec\documents\code\objeck-lang\core\module\vs\x64\release\module_md.tlog\microsoft.build.cpptasks.cl.read.1.tlog
c:\users\objec\documents\code\objeck-lang\core\module\vs\x64\release\module_md.tlog\microsoft.build.cpptasks.cl.write.1.tlog
