c:\users\objec\documents\code\objeck-lang\core\lib\diags\vs\debug\vc143.pdb
c:\users\objec\documents\code\objeck-lang\core\lib\diags\vs\debug\diags.obj
c:\users\objec\documents\code\objeck-lang\core\lib\diags\vs\debug\logger.obj
c:\users\objec\documents\code\objeck-lang\core\lib\diags\vs\debug\types.obj
c:\users\objec\documents\code\objeck-lang\core\lib\diags\vs\debug\tree.obj
c:\users\objec\documents\code\objeck-lang\core\lib\diags\vs\debug\scanner.obj
c:\users\objec\documents\code\objeck-lang\core\lib\diags\vs\debug\parser.obj
c:\users\objec\documents\code\objeck-lang\core\lib\diags\vs\debug\linker.obj
c:\users\objec\documents\code\objeck-lang\core\lib\diags\vs\debug\context.obj
c:\users\objec\documents\code\objeck-lang\core\lib\diags\vs\debug\x64\libobjk_diags.dll
c:\users\objec\documents\code\objeck-lang\core\lib\diags\vs\debug\x64\libobjk_diags.pdb
c:\users\objec\documents\code\objeck-lang\core\lib\diags\vs\debug\x64\libobjk_diags.lib
c:\users\objec\documents\code\objeck-lang\core\lib\diags\vs\debug\x64\libobjk_diags.exp
c:\users\objec\documents\code\objeck-lang\core\lib\diags\vs\debug\libobjk_diags.ipdb
c:\users\objec\documents\code\objeck-lang\core\lib\diags\vs\debug\libobjk_diags.iobj
c:\users\objec\documents\code\objeck-lang\core\lib\diags\vs\debug\diag.tlog\cl.command.1.tlog
c:\users\objec\documents\code\objeck-lang\core\lib\diags\vs\debug\diag.tlog\cl.items.tlog
c:\users\objec\documents\code\objeck-lang\core\lib\diags\vs\debug\diag.tlog\cl.read.1.tlog
c:\users\objec\documents\code\objeck-lang\core\lib\diags\vs\debug\diag.tlog\cl.write.1.tlog
c:\users\objec\documents\code\objeck-lang\core\lib\diags\vs\debug\diag.tlog\link.command.1.tlog
c:\users\objec\documents\code\objeck-lang\core\lib\diags\vs\debug\diag.tlog\link.read.1.tlog
c:\users\objec\documents\code\objeck-lang\core\lib\diags\vs\debug\diag.tlog\link.secondary.1.tlog
c:\users\objec\documents\code\objeck-lang\core\lib\diags\vs\debug\diag.tlog\link.write.1.tlog
