  sys.cpp
  jit_amd_lp64.cpp
  jit_common.cpp
  memory.cpp
  win32.cpp
  common.cpp
  dispatch.cpp
  interpreter.cpp
  loader.cpp
  vm.cpp
  win_main.cpp
     Creating library ..\Release\win64\obr.lib and object ..\Release\win64\obr.exp
LINK : warning LNK4098: defaultlib 'LIBCMT' conflicts with use of other libs; use /NODEFAULTLIB:library
  Generating code
  Previous IPDB not found, fall back to full compilation.
  All 5328 functions were compiled because no usable IPDB/IOBJ from previous compilation was found.
  Finished generating code
  vm.vcxproj -> C:\Users\objec\Documents\Code\objeck-lang\core\vm\Release\win64\obr.exe
  Add manifest
  Microsoft (R) Manifest Tool
  
  Copyright (c) Microsoft Corporation. 
  
  All rights reserved.
  
