c:\users\objec\documents\code\objeck-lang\core\compiler\vs\x64\release\vc143.pdb
c:\users\objec\documents\code\objeck-lang\core\compiler\vs\x64\release\types.obj
c:\users\objec\documents\code\objeck-lang\core\compiler\vs\x64\release\tree.obj
c:\users\objec\documents\code\objeck-lang\core\compiler\vs\x64\release\scanner.obj
c:\users\objec\documents\code\objeck-lang\core\compiler\vs\x64\release\posix_main.obj
c:\users\objec\documents\code\objeck-lang\core\compiler\vs\x64\release\parser.obj
c:\users\objec\documents\code\objeck-lang\core\compiler\vs\x64\release\optimization.obj
c:\users\objec\documents\code\objeck-lang\core\compiler\vs\x64\release\linker.obj
c:\users\objec\documents\code\objeck-lang\core\compiler\vs\x64\release\intermediate.obj
c:\users\objec\documents\code\objeck-lang\core\compiler\vs\x64\release\emit.obj
c:\users\objec\documents\code\objeck-lang\core\compiler\vs\x64\release\context.obj
c:\users\objec\documents\code\objeck-lang\core\compiler\vs\x64\release\compiler.obj
c:\users\objec\documents\code\objeck-lang\core\compiler\vs\x64\release\logger.obj
c:\users\objec\documents\code\objeck-lang\core\compiler\release\win64\obc.exe
c:\users\objec\documents\code\objeck-lang\core\compiler\release\win64\obc.pdb
c:\users\objec\documents\code\objeck-lang\core\compiler\vs\x64\release\objeck.res
c:\users\objec\documents\code\objeck-lang\core\compiler\vs\x64\release\obc.ipdb
c:\users\objec\documents\code\objeck-lang\core\compiler\vs\x64\release\obc.iobj
c:\users\objec\documents\code\objeck-lang\core\compiler\vs\x64\release\compiler.tlog\cl.command.1.tlog
c:\users\objec\documents\code\objeck-lang\core\compiler\vs\x64\release\compiler.tlog\cl.items.tlog
c:\users\objec\documents\code\objeck-lang\core\compiler\vs\x64\release\compiler.tlog\cl.read.1.tlog
c:\users\objec\documents\code\objeck-lang\core\compiler\vs\x64\release\compiler.tlog\cl.write.1.tlog
c:\users\objec\documents\code\objeck-lang\core\compiler\vs\x64\release\compiler.tlog\link.command.1.tlog
c:\users\objec\documents\code\objeck-lang\core\compiler\vs\x64\release\compiler.tlog\link.read.1.tlog
c:\users\objec\documents\code\objeck-lang\core\compiler\vs\x64\release\compiler.tlog\link.secondary.1.tlog
c:\users\objec\documents\code\objeck-lang\core\compiler\vs\x64\release\compiler.tlog\link.write.1.tlog
c:\users\objec\documents\code\objeck-lang\core\compiler\vs\x64\release\compiler.tlog\rc.command.1.tlog
c:\users\objec\documents\code\objeck-lang\core\compiler\vs\x64\release\compiler.tlog\rc.read.1.tlog
c:\users\objec\documents\code\objeck-lang\core\compiler\vs\x64\release\compiler.tlog\rc.write.1.tlog
