  Scanning sources for module dependencies...
  jit_amd_lp64.h
  Compiling...
  jit_amd_lp64.h
  sys.cpp
  jit_amd_lp64.cpp
  jit_common.cpp
  memory.cpp
  win32.cpp
  common.cpp
  dispatch.cpp
  interpreter.cpp
  loader.cpp
  vm.cpp
  debugger.cpp
  parser.cpp
  scanner.cpp
  tree.cpp
     Creating library ..\Release\win64\obd.lib and object ..\Release\win64\obd.exp
LINK : warning LNK4098: defaultlib 'LIBCMT' conflicts with use of other libs; use /NODEFAULTLIB:library
  Generating code
  Previous IPDB not found, fall back to full compilation.
  All 5195 functions were compiled because no usable IPDB/IOBJ from previous compilation was found.
  Finished generating code
  debugger.vcxproj -> C:\Users\objec\Documents\Code\objeck-lang\core\debugger\Release\win64\obd.exe
