c:\users\objec\documents\code\objeck-lang\core\debugger\vs\x64\release\vc143.pdb
c:\users\objec\documents\code\objeck-lang\core\debugger\vs\x64\release\tree.obj
c:\users\objec\documents\code\objeck-lang\core\debugger\vs\x64\release\scanner.obj
c:\users\objec\documents\code\objeck-lang\core\debugger\vs\x64\release\parser.obj
c:\users\objec\documents\code\objeck-lang\core\debugger\vs\x64\release\debugger.obj
c:\users\objec\documents\code\objeck-lang\core\debugger\vs\x64\release\vm.obj
c:\users\objec\documents\code\objeck-lang\core\debugger\vs\x64\release\loader.obj
c:\users\objec\documents\code\objeck-lang\core\debugger\vs\x64\release\interpreter.obj
c:\users\objec\documents\code\objeck-lang\core\debugger\vs\x64\release\dispatch.obj
c:\users\objec\documents\code\objeck-lang\core\debugger\vs\x64\release\common.obj
c:\users\objec\documents\code\objeck-lang\core\debugger\vs\x64\release\win32.obj
c:\users\objec\documents\code\objeck-lang\core\debugger\vs\x64\release\memory.obj
c:\users\objec\documents\code\objeck-lang\core\debugger\vs\x64\release\jit_common.obj
c:\users\objec\documents\code\objeck-lang\core\debugger\vs\x64\release\jit_amd_lp64.obj
c:\users\objec\documents\code\objeck-lang\core\debugger\vs\x64\release\sys.obj
c:\users\objec\documents\code\objeck-lang\core\debugger\vs\x64\release\jit_amd_lp64.h.ifc
c:\users\objec\documents\code\objeck-lang\core\debugger\vs\x64\release\jit_amd_lp64.h.ifc.d.json
c:\users\objec\documents\code\objeck-lang\core\debugger\vs\x64\release\jit_amd_lp64.h.obj
c:\users\objec\documents\code\objeck-lang\core\debugger\release\win64\obd.exe
c:\users\objec\documents\code\objeck-lang\core\debugger\release\win64\obd.pdb
c:\users\objec\documents\code\objeck-lang\core\debugger\vs\x64\release\objeck.res
c:\users\objec\documents\code\objeck-lang\core\debugger\vs\x64\release\jit_amd_lp64.h.module.json
c:\users\objec\documents\code\objeck-lang\core\debugger\release\win64\obd.lib
c:\users\objec\documents\code\objeck-lang\core\debugger\release\win64\obd.exp
c:\users\objec\documents\code\objeck-lang\core\debugger\vs\x64\release\obd.ipdb
c:\users\objec\documents\code\objeck-lang\core\debugger\vs\x64\release\obd.iobj
c:\users\objec\documents\code\objeck-lang\core\debugger\vs\x64\release\debugger.tlog\cl.command.1.tlog
c:\users\objec\documents\code\objeck-lang\core\debugger\vs\x64\release\debugger.tlog\cl.items.tlog
c:\users\objec\documents\code\objeck-lang\core\debugger\vs\x64\release\debugger.tlog\cl.read.1.tlog
c:\users\objec\documents\code\objeck-lang\core\debugger\vs\x64\release\debugger.tlog\cl.write.1.tlog
c:\users\objec\documents\code\objeck-lang\core\debugger\vs\x64\release\debugger.tlog\link.command.1.tlog
c:\users\objec\documents\code\objeck-lang\core\debugger\vs\x64\release\debugger.tlog\link.read.1.tlog
c:\users\objec\documents\code\objeck-lang\core\debugger\vs\x64\release\debugger.tlog\link.secondary.1.tlog
c:\users\objec\documents\code\objeck-lang\core\debugger\vs\x64\release\debugger.tlog\link.write.1.tlog
c:\users\objec\documents\code\objeck-lang\core\debugger\vs\x64\release\debugger.tlog\rc.command.1.tlog
c:\users\objec\documents\code\objeck-lang\core\debugger\vs\x64\release\debugger.tlog\rc.read.1.tlog
c:\users\objec\documents\code\objeck-lang\core\debugger\vs\x64\release\debugger.tlog\rc.write.1.tlog
c:\users\objec\documents\code\objeck-lang\core\debugger\vs\x64\release\debugger_md.tlog\cl.command.1.tlog
c:\users\objec\documents\code\objeck-lang\core\debugger\vs\x64\release\debugger_md.tlog\microsoft.build.cpptasks.cl.read.1.tlog
c:\users\objec\documents\code\objeck-lang\core\debugger\vs\x64\release\debugger_md.tlog\microsoft.build.cpptasks.cl.write.1.tlog
