d:\temp\zlib-win-build-master\build-vs2019-mt\x64\debug\libz-static.pdb
d:\temp\zlib-win-build-master\build-vs2019-mt\libz-static\x64\debug\zutil.obj
d:\temp\zlib-win-build-master\build-vs2019-mt\libz-static\x64\debug\uncompr.obj
d:\temp\zlib-win-build-master\build-vs2019-mt\libz-static\x64\debug\trees.obj
d:\temp\zlib-win-build-master\build-vs2019-mt\libz-static\x64\debug\inftrees.obj
d:\temp\zlib-win-build-master\build-vs2019-mt\libz-static\x64\debug\inflate.obj
d:\temp\zlib-win-build-master\build-vs2019-mt\libz-static\x64\debug\inffast.obj
d:\temp\zlib-win-build-master\build-vs2019-mt\libz-static\x64\debug\infback.obj
d:\temp\zlib-win-build-master\build-vs2019-mt\libz-static\x64\debug\gzwrite.obj
d:\temp\zlib-win-build-master\build-vs2019-mt\libz-static\x64\debug\gzread.obj
d:\temp\zlib-win-build-master\build-vs2019-mt\libz-static\x64\debug\gzlib.obj
d:\temp\zlib-win-build-master\build-vs2019-mt\libz-static\x64\debug\gzclose.obj
d:\temp\zlib-win-build-master\build-vs2019-mt\libz-static\x64\debug\deflate.obj
d:\temp\zlib-win-build-master\build-vs2019-mt\libz-static\x64\debug\crc32.obj
d:\temp\zlib-win-build-master\build-vs2019-mt\libz-static\x64\debug\compress.obj
d:\temp\zlib-win-build-master\build-vs2019-mt\libz-static\x64\debug\adler32.obj
d:\temp\zlib-win-build-master\build-vs2019-mt\x64\debug\libz-static.lib
d:\temp\zlib-win-build-master\build-vs2019-mt\libz-static\x64\debug\libz-static.tlog\cl.command.1.tlog
d:\temp\zlib-win-build-master\build-vs2019-mt\libz-static\x64\debug\libz-static.tlog\cl.read.1.tlog
d:\temp\zlib-win-build-master\build-vs2019-mt\libz-static\x64\debug\libz-static.tlog\cl.write.1.tlog
d:\temp\zlib-win-build-master\build-vs2019-mt\libz-static\x64\debug\libz-static.tlog\lib-link.read.1.tlog
d:\temp\zlib-win-build-master\build-vs2019-mt\libz-static\x64\debug\libz-static.tlog\lib-link.write.1.tlog
d:\temp\zlib-win-build-master\build-vs2019-mt\libz-static\x64\debug\libz-static.tlog\lib.command.1.tlog
