  adler32.c
  compress.c
  crc32.c
  deflate.c
  gzclose.c
  gzlib.c
  gzread.c
D:\Temp\zlib-win-build-master\gzread.c(319,20): warning C4267: '=': conversion from 'size_t' to 'unsigned int', possible loss of data
D:\Temp\zlib-win-build-master\gzread.c(400,35): warning C4267: '=': conversion from 'size_t' to 'unsigned int', possible loss of data
D:\Temp\zlib-win-build-master\gzread.c(472,33): warning C4267: '=': conversion from 'size_t' to 'int', possible loss of data
  gzwrite.c
D:\Temp\zlib-win-build-master\gzwrite.c(212,27): warning C4267: '=': conversion from 'size_t' to 'unsigned int', possible loss of data
D:\Temp\zlib-win-build-master\gzwrite.c(232,24): warning C4267: '=': conversion from 'size_t' to 'unsigned int', possible loss of data
D:\Temp\zlib-win-build-master\gzwrite.c(371,36): warning C4267: '=': conversion from 'size_t' to 'int', possible loss of data
  infback.c
  inffast.c
  inflate.c
  inftrees.c
  trees.c
  uncompr.c
  zutil.c
  Generating Code...
  libz-static.vcxproj -> D:\Temp\zlib-win-build-master\build-VS2019-MT\x64\Debug\libz-static.lib
