d:\code\objeck-lang\core\lib\zlib\win\vs\debug\libz-static.pdb
d:\code\objeck-lang\core\lib\zlib\win\vs\libz-static\debug\zutil.obj
d:\code\objeck-lang\core\lib\zlib\win\vs\libz-static\debug\uncompr.obj
d:\code\objeck-lang\core\lib\zlib\win\vs\libz-static\debug\trees.obj
d:\code\objeck-lang\core\lib\zlib\win\vs\libz-static\debug\inftrees.obj
d:\code\objeck-lang\core\lib\zlib\win\vs\libz-static\debug\inflate.obj
d:\code\objeck-lang\core\lib\zlib\win\vs\libz-static\debug\inffast.obj
d:\code\objeck-lang\core\lib\zlib\win\vs\libz-static\debug\infback.obj
d:\code\objeck-lang\core\lib\zlib\win\vs\libz-static\debug\gzwrite.obj
d:\code\objeck-lang\core\lib\zlib\win\vs\libz-static\debug\gzread.obj
d:\code\objeck-lang\core\lib\zlib\win\vs\libz-static\debug\gzlib.obj
d:\code\objeck-lang\core\lib\zlib\win\vs\libz-static\debug\gzclose.obj
d:\code\objeck-lang\core\lib\zlib\win\vs\libz-static\debug\deflate.obj
d:\code\objeck-lang\core\lib\zlib\win\vs\libz-static\debug\crc32.obj
d:\code\objeck-lang\core\lib\zlib\win\vs\libz-static\debug\compress.obj
d:\code\objeck-lang\core\lib\zlib\win\vs\libz-static\debug\adler32.obj
d:\code\objeck-lang\core\lib\zlib\win\vs\debug\libz-static.lib
d:\code\objeck-lang\core\lib\zlib\win\vs\libz-static\debug\libz-static.tlog\cl.command.1.tlog
d:\code\objeck-lang\core\lib\zlib\win\vs\libz-static\debug\libz-static.tlog\cl.read.1.tlog
d:\code\objeck-lang\core\lib\zlib\win\vs\libz-static\debug\libz-static.tlog\cl.write.1.tlog
d:\code\objeck-lang\core\lib\zlib\win\vs\libz-static\debug\libz-static.tlog\lib-link.read.1.tlog
d:\code\objeck-lang\core\lib\zlib\win\vs\libz-static\debug\libz-static.tlog\lib-link.write.1.tlog
d:\code\objeck-lang\core\lib\zlib\win\vs\libz-static\debug\libz-static.tlog\lib.command.1.tlog
