c:\users\objec\documents\code\objeck-lang\core\lib\sdl\sdl\sdl\release\vc143.pdb
c:\users\objec\documents\code\objeck-lang\core\lib\sdl\sdl\sdl\release\sdl.obj
c:\users\objec\documents\code\objeck-lang\core\lib\sdl\sdl\sdl\release\sdl2_rotozoom.obj
c:\users\objec\documents\code\objeck-lang\core\lib\sdl\sdl\sdl\release\sdl2_imagefilter.obj
c:\users\objec\documents\code\objeck-lang\core\lib\sdl\sdl\sdl\release\sdl2_gfxprimitives.obj
c:\users\objec\documents\code\objeck-lang\core\lib\sdl\sdl\sdl\release\sdl2_framerate.obj
c:\users\objec\documents\code\objeck-lang\core\lib\sdl\sdl\release\x64\libobjk_sdl.dll
c:\users\objec\documents\code\objeck-lang\core\lib\sdl\sdl\release\x64\libobjk_sdl.pdb
c:\users\objec\documents\code\objeck-lang\core\lib\sdl\sdl\release\x64\libobjk_sdl.lib
c:\users\objec\documents\code\objeck-lang\core\lib\sdl\sdl\release\x64\libobjk_sdl.exp
c:\users\objec\documents\code\objeck-lang\core\lib\sdl\sdl\sdl\release\libobjk_sdl.ipdb
c:\users\objec\documents\code\objeck-lang\core\lib\sdl\sdl\sdl\release\libobjk_sdl.iobj
c:\users\objec\documents\code\objeck-lang\core\lib\sdl\sdl\sdl\release\sdl.tlog\cl.command.1.tlog
c:\users\objec\documents\code\objeck-lang\core\lib\sdl\sdl\sdl\release\sdl.tlog\cl.items.tlog
c:\users\objec\documents\code\objeck-lang\core\lib\sdl\sdl\sdl\release\sdl.tlog\cl.read.1.tlog
c:\users\objec\documents\code\objeck-lang\core\lib\sdl\sdl\sdl\release\sdl.tlog\cl.write.1.tlog
c:\users\objec\documents\code\objeck-lang\core\lib\sdl\sdl\sdl\release\sdl.tlog\link.command.1.tlog
c:\users\objec\documents\code\objeck-lang\core\lib\sdl\sdl\sdl\release\sdl.tlog\link.read.1.tlog
c:\users\objec\documents\code\objeck-lang\core\lib\sdl\sdl\sdl\release\sdl.tlog\link.secondary.1.tlog
c:\users\objec\documents\code\objeck-lang\core\lib\sdl\sdl\sdl\release\sdl.tlog\link.write.1.tlog
