d:\code\objeck-lang\core\lib\zlib\x86\libz-static.pdb
d:\code\objeck-lang\core\lib\zlib\win\vs\libz-static\release\zutil.obj
d:\code\objeck-lang\core\lib\zlib\win\vs\libz-static\release\uncompr.obj
d:\code\objeck-lang\core\lib\zlib\win\vs\libz-static\release\trees.obj
d:\code\objeck-lang\core\lib\zlib\win\vs\libz-static\release\inftrees.obj
d:\code\objeck-lang\core\lib\zlib\win\vs\libz-static\release\inflate.obj
d:\code\objeck-lang\core\lib\zlib\win\vs\libz-static\release\inffast.obj
d:\code\objeck-lang\core\lib\zlib\win\vs\libz-static\release\infback.obj
d:\code\objeck-lang\core\lib\zlib\win\vs\libz-static\release\gzwrite.obj
d:\code\objeck-lang\core\lib\zlib\win\vs\libz-static\release\gzread.obj
d:\code\objeck-lang\core\lib\zlib\win\vs\libz-static\release\gzlib.obj
d:\code\objeck-lang\core\lib\zlib\win\vs\libz-static\release\gzclose.obj
d:\code\objeck-lang\core\lib\zlib\win\vs\libz-static\release\deflate.obj
d:\code\objeck-lang\core\lib\zlib\win\vs\libz-static\release\crc32.obj
d:\code\objeck-lang\core\lib\zlib\win\vs\libz-static\release\compress.obj
d:\code\objeck-lang\core\lib\zlib\win\vs\libz-static\release\adler32.obj
d:\code\objeck-lang\core\lib\zlib\x86\libz-static.lib
d:\code\objeck-lang\core\lib\zlib\win\vs\libz-static\release\libz-static.tlog\cl.command.1.tlog
d:\code\objeck-lang\core\lib\zlib\win\vs\libz-static\release\libz-static.tlog\cl.read.1.tlog
d:\code\objeck-lang\core\lib\zlib\win\vs\libz-static\release\libz-static.tlog\cl.write.1.tlog
d:\code\objeck-lang\core\lib\zlib\win\vs\libz-static\release\libz-static.tlog\lib-link.read.1.tlog
d:\code\objeck-lang\core\lib\zlib\win\vs\libz-static\release\libz-static.tlog\lib-link.write.1.tlog
d:\code\objeck-lang\core\lib\zlib\win\vs\libz-static\release\libz-static.tlog\lib.command.1.tlog
