c:\users\objec\documents\code\objeck-lang\core\compiler\vs\x64\debug\vc143.pdb
c:\users\objec\documents\code\objeck-lang\core\compiler\vs\x64\debug\vc143.idb
c:\users\objec\documents\code\objeck-lang\core\compiler\vs\x64\debug\types.obj
c:\users\objec\documents\code\objeck-lang\core\compiler\vs\x64\debug\tree.obj
c:\users\objec\documents\code\objeck-lang\core\compiler\vs\x64\debug\scanner.obj
c:\users\objec\documents\code\objeck-lang\core\compiler\vs\x64\debug\posix_main.obj
c:\users\objec\documents\code\objeck-lang\core\compiler\vs\x64\debug\parser.obj
c:\users\objec\documents\code\objeck-lang\core\compiler\vs\x64\debug\optimization.obj
c:\users\objec\documents\code\objeck-lang\core\compiler\vs\x64\debug\linker.obj
c:\users\objec\documents\code\objeck-lang\core\compiler\vs\x64\debug\intermediate.obj
c:\users\objec\documents\code\objeck-lang\core\compiler\vs\x64\debug\emit.obj
c:\users\objec\documents\code\objeck-lang\core\compiler\vs\x64\debug\compiler.obj
c:\users\objec\documents\code\objeck-lang\core\compiler\vs\x64\debug\logger.obj
c:\users\objec\documents\code\objeck-lang\core\compiler\vs\x64\debug\context.obj
c:\users\objec\documents\code\objeck-lang\core\compiler\x64\debug\obc.exe
c:\users\objec\documents\code\objeck-lang\core\compiler\x64\debug\obc.pdb
c:\users\objec\documents\code\objeck-lang\core\compiler\vs\x64\debug\objeck.res
c:\users\objec\documents\code\objeck-lang\core\compiler\vs\x64\debug\compiler.tlog\cl.command.1.tlog
c:\users\objec\documents\code\objeck-lang\core\compiler\vs\x64\debug\compiler.tlog\cl.items.tlog
c:\users\objec\documents\code\objeck-lang\core\compiler\vs\x64\debug\compiler.tlog\cl.read.1.tlog
c:\users\objec\documents\code\objeck-lang\core\compiler\vs\x64\debug\compiler.tlog\cl.write.1.tlog
c:\users\objec\documents\code\objeck-lang\core\compiler\vs\x64\debug\compiler.tlog\link.command.1.tlog
c:\users\objec\documents\code\objeck-lang\core\compiler\vs\x64\debug\compiler.tlog\link.read.1.tlog
c:\users\objec\documents\code\objeck-lang\core\compiler\vs\x64\debug\compiler.tlog\link.secondary.1.tlog
c:\users\objec\documents\code\objeck-lang\core\compiler\vs\x64\debug\compiler.tlog\link.write.1.tlog
c:\users\objec\documents\code\objeck-lang\core\compiler\vs\x64\debug\compiler.tlog\rc.command.1.tlog
c:\users\objec\documents\code\objeck-lang\core\compiler\vs\x64\debug\compiler.tlog\rc.read.1.tlog
c:\users\objec\documents\code\objeck-lang\core\compiler\vs\x64\debug\compiler.tlog\rc.write.1.tlog
