c:\users\objec\documents\code\objeck-lang\core\repl\x64\debug\objeck.pdb
c:\users\objec\documents\code\objeck-lang\core\repl\x64\debug\objeck.idb
c:\users\objec\documents\code\objeck-lang\core\module\vs\x64\debug\lang.obj
c:\users\objec\documents\code\objeck-lang\core\module\vs\x64\debug\vm.obj
c:\users\objec\documents\code\objeck-lang\core\module\vs\x64\debug\loader.obj
c:\users\objec\documents\code\objeck-lang\core\module\vs\x64\debug\interpreter.obj
c:\users\objec\documents\code\objeck-lang\core\module\vs\x64\debug\common.obj
c:\users\objec\documents\code\objeck-lang\core\module\vs\x64\debug\win32.obj
c:\users\objec\documents\code\objeck-lang\core\module\vs\x64\debug\memory.obj
c:\users\objec\documents\code\objeck-lang\core\module\vs\x64\debug\jit_common.obj
c:\users\objec\documents\code\objeck-lang\core\module\vs\x64\debug\jit_amd_lp64.obj
c:\users\objec\documents\code\objeck-lang\core\module\vs\x64\debug\sys.obj
c:\users\objec\documents\code\objeck-lang\core\module\vs\x64\debug\types.obj
c:\users\objec\documents\code\objeck-lang\core\module\vs\x64\debug\tree.obj
c:\users\objec\documents\code\objeck-lang\core\module\vs\x64\debug\scanner.obj
c:\users\objec\documents\code\objeck-lang\core\module\vs\x64\debug\parser.obj
c:\users\objec\documents\code\objeck-lang\core\module\vs\x64\debug\optimization.obj
c:\users\objec\documents\code\objeck-lang\core\module\vs\x64\debug\linker.obj
c:\users\objec\documents\code\objeck-lang\core\module\vs\x64\debug\intermediate.obj
c:\users\objec\documents\code\objeck-lang\core\module\vs\x64\debug\emit.obj
c:\users\objec\documents\code\objeck-lang\core\module\vs\x64\debug\context.obj
c:\users\objec\documents\code\objeck-lang\core\module\vs\x64\debug\compiler.obj
c:\users\objec\documents\code\objeck-lang\core\module\vs\x64\debug\jit_amd_lp64.h.ifc
c:\users\objec\documents\code\objeck-lang\core\module\vs\x64\debug\jit_amd_lp64.h.ifc.d.json
c:\users\objec\documents\code\objeck-lang\core\module\vs\x64\debug\jit_amd_lp64.h.obj
c:\users\objec\documents\code\objeck-lang\core\repl\x64\debug\objeck.lib
c:\users\objec\documents\code\objeck-lang\core\module\vs\x64\debug\jit_amd_lp64.h.module.json
c:\users\objec\documents\code\objeck-lang\core\module\vs\x64\debug\module.tlog\cl.command.1.tlog
c:\users\objec\documents\code\objeck-lang\core\module\vs\x64\debug\module.tlog\cl.items.tlog
c:\users\objec\documents\code\objeck-lang\core\module\vs\x64\debug\module.tlog\cl.read.1.tlog
c:\users\objec\documents\code\objeck-lang\core\module\vs\x64\debug\module.tlog\cl.write.1.tlog
c:\users\objec\documents\code\objeck-lang\core\module\vs\x64\debug\module.tlog\lib-link.read.1.tlog
c:\users\objec\documents\code\objeck-lang\core\module\vs\x64\debug\module.tlog\lib-link.write.1.tlog
c:\users\objec\documents\code\objeck-lang\core\module\vs\x64\debug\module.tlog\lib.command.1.tlog
c:\users\objec\documents\code\objeck-lang\core\module\vs\x64\debug\module_md.tlog\cl.command.1.tlog
c:\users\objec\documents\code\objeck-lang\core\module\vs\x64\debug\module_md.tlog\microsoft.build.cpptasks.cl.read.1.tlog
c:\users\objec\documents\code\objeck-lang\core\module\vs\x64\debug\module_md.tlog\microsoft.build.cpptasks.cl.write.1.tlog
