c:\users\objec\documents\code\objeck-lang\core\lib\diags\vs\release\vc143.pdb
c:\users\objec\documents\code\objeck-lang\core\lib\diags\vs\release\diags.obj
c:\users\objec\documents\code\objeck-lang\core\lib\diags\vs\release\logger.obj
c:\users\objec\documents\code\objeck-lang\core\lib\diags\vs\release\types.obj
c:\users\objec\documents\code\objeck-lang\core\lib\diags\vs\release\tree.obj
c:\users\objec\documents\code\objeck-lang\core\lib\diags\vs\release\scanner.obj
c:\users\objec\documents\code\objeck-lang\core\lib\diags\vs\release\parser.obj
c:\users\objec\documents\code\objeck-lang\core\lib\diags\vs\release\linker.obj
c:\users\objec\documents\code\objeck-lang\core\lib\diags\vs\release\context.obj
c:\users\objec\documents\code\objeck-lang\core\lib\diags\vs\release\x64\libobjk_diags.dll
c:\users\objec\documents\code\objeck-lang\core\lib\diags\vs\release\x64\libobjk_diags.pdb
c:\users\objec\documents\code\objeck-lang\core\lib\diags\vs\release\x64\libobjk_diags.lib
c:\users\objec\documents\code\objeck-lang\core\lib\diags\vs\release\x64\libobjk_diags.exp
c:\users\objec\documents\code\objeck-lang\core\lib\diags\vs\release\libobjk_diags.iobj
c:\users\objec\documents\code\objeck-lang\core\lib\diags\vs\release\diag.tlog\cl.command.1.tlog
c:\users\objec\documents\code\objeck-lang\core\lib\diags\vs\release\diag.tlog\cl.items.tlog
c:\users\objec\documents\code\objeck-lang\core\lib\diags\vs\release\diag.tlog\cl.read.1.tlog
c:\users\objec\documents\code\objeck-lang\core\lib\diags\vs\release\diag.tlog\cl.write.1.tlog
c:\users\objec\documents\code\objeck-lang\core\lib\diags\vs\release\diag.tlog\link.command.1.tlog
c:\users\objec\documents\code\objeck-lang\core\lib\diags\vs\release\diag.tlog\link.read.1.tlog
c:\users\objec\documents\code\objeck-lang\core\lib\diags\vs\release\diag.tlog\link.secondary.1.tlog
c:\users\objec\documents\code\objeck-lang\core\lib\diags\vs\release\diag.tlog\link.write.1.tlog
