c:\users\objec\documents\code\objeck-lang\core\repl\vs\x64\release\vc143.pdb
c:\users\objec\documents\code\objeck-lang\core\repl\vs\x64\release\jit_amd_lp64.obj
c:\users\objec\documents\code\objeck-lang\core\repl\vs\x64\release\jit_common.obj
c:\users\objec\documents\code\objeck-lang\core\repl\vs\x64\release\repl.obj
c:\users\objec\documents\code\objeck-lang\core\repl\vs\x64\release\editor.obj
c:\users\objec\documents\code\objeck-lang\core\repl\vs\x64\release\sys.obj
c:\users\objec\documents\code\objeck-lang\core\repl\vs\x64\release\logger.obj
c:\users\objec\documents\code\objeck-lang\core\repl\vs\x64\release\jit_amd_lp64.h.ifc
c:\users\objec\documents\code\objeck-lang\core\repl\vs\x64\release\jit_amd_lp64.h.ifc.d.json
c:\users\objec\documents\code\objeck-lang\core\repl\vs\x64\release\jit_amd_lp64.h.obj
c:\users\objec\documents\code\objeck-lang\core\repl\release\win64\obi.exe
c:\users\objec\documents\code\objeck-lang\core\repl\release\win64\obi.pdb
c:\users\objec\documents\code\objeck-lang\core\repl\vs\x64\release\objeck.res
c:\users\objec\documents\code\objeck-lang\core\repl\vs\x64\release\jit_amd_lp64.h.module.json
c:\users\objec\documents\code\objeck-lang\core\repl\vs\x64\release\obi.ipdb
c:\users\objec\documents\code\objeck-lang\core\repl\vs\x64\release\obi.iobj
c:\users\objec\documents\code\objeck-lang\core\repl\vs\x64\release\repl.tlog\cl.command.1.tlog
c:\users\objec\documents\code\objeck-lang\core\repl\vs\x64\release\repl.tlog\cl.items.tlog
c:\users\objec\documents\code\objeck-lang\core\repl\vs\x64\release\repl.tlog\cl.read.1.tlog
c:\users\objec\documents\code\objeck-lang\core\repl\vs\x64\release\repl.tlog\cl.write.1.tlog
c:\users\objec\documents\code\objeck-lang\core\repl\vs\x64\release\repl.tlog\link.command.1.tlog
c:\users\objec\documents\code\objeck-lang\core\repl\vs\x64\release\repl.tlog\link.read.1.tlog
c:\users\objec\documents\code\objeck-lang\core\repl\vs\x64\release\repl.tlog\link.secondary.1.tlog
c:\users\objec\documents\code\objeck-lang\core\repl\vs\x64\release\repl.tlog\link.write.1.tlog
c:\users\objec\documents\code\objeck-lang\core\repl\vs\x64\release\repl.tlog\rc.command.1.tlog
c:\users\objec\documents\code\objeck-lang\core\repl\vs\x64\release\repl.tlog\rc.read.1.tlog
c:\users\objec\documents\code\objeck-lang\core\repl\vs\x64\release\repl.tlog\rc.write.1.tlog
c:\users\objec\documents\code\objeck-lang\core\repl\vs\x64\release\repl_md.tlog\cl.command.1.tlog
c:\users\objec\documents\code\objeck-lang\core\repl\vs\x64\release\repl_md.tlog\microsoft.build.cpptasks.cl.read.1.tlog
c:\users\objec\documents\code\objeck-lang\core\repl\vs\x64\release\repl_md.tlog\microsoft.build.cpptasks.cl.write.1.tlog
